CRITICAL - 2025-07-12 13:50:50 --> CodeIgniter\View\Exceptions\ViewException: Invalid file: "admin/metrics.php"
[Method: GET, Route: admin/metrics]
in SYSTEMPATH\Exceptions\FrameworkException.php on line 39.
 1 SYSTEMPATH\View\View.php(212): CodeIgniter\Exceptions\FrameworkException::forInvalidFile('admin/metrics.php')
 2 SYSTEMPATH\Common.php(1173): CodeIgniter\View\View->render('admin/metrics', [], true)
 3 APPPATH\Controllers\Admin.php(14): view('admin/metrics')
 4 SYSTEMPATH\CodeIgniter.php(933): App\Controllers\Admin->metrics()
 5 SYSTEMPATH\CodeIgniter.php(507): CodeIgniter\CodeIgniter->runController(Object(App\Controllers\Admin))
 6 SYSTEMPATH\CodeIgniter.php(354): CodeIgniter\CodeIgniter->handleRequest(null, Object(Config\Cache), false)
 7 SYSTEMPATH\Boot.php(334): CodeIgniter\CodeIgniter->run()
 8 SYSTEMPATH\Boot.php(67): CodeIgniter\Boot::runCodeIgniter(Object(CodeIgniter\CodeIgniter))
 9 FCPATH\index.php(59): CodeIgniter\Boot::bootWeb(Object(Config\Paths))
CRITICAL - 2025-07-12 13:51:45 --> CodeIgniter\View\Exceptions\ViewException: Invalid file: "admin/anime_manage.php"
[Method: GET, Route: admin/anime-manage]
in SYSTEMPATH\Exceptions\FrameworkException.php on line 39.
 1 SYSTEMPATH\View\View.php(212): CodeIgniter\Exceptions\FrameworkException::forInvalidFile('admin/anime_manage.php')
 2 SYSTEMPATH\Common.php(1173): CodeIgniter\View\View->render('admin/anime_manage', [], true)
 3 APPPATH\Controllers\Admin.php(24): view('admin/anime_manage')
 4 SYSTEMPATH\CodeIgniter.php(933): App\Controllers\Admin->animeManage()
 5 SYSTEMPATH\CodeIgniter.php(507): CodeIgniter\CodeIgniter->runController(Object(App\Controllers\Admin))
 6 SYSTEMPATH\CodeIgniter.php(354): CodeIgniter\CodeIgniter->handleRequest(null, Object(Config\Cache), false)
 7 SYSTEMPATH\Boot.php(334): CodeIgniter\CodeIgniter->run()
 8 SYSTEMPATH\Boot.php(67): CodeIgniter\Boot::runCodeIgniter(Object(CodeIgniter\CodeIgniter))
 9 FCPATH\index.php(59): CodeIgniter\Boot::bootWeb(Object(Config\Paths))
CRITICAL - 2025-07-12 13:52:01 --> CodeIgniter\View\Exceptions\ViewException: Invalid file: "admin/anime_manage.php"
[Method: GET, Route: admin/anime-manage]
in SYSTEMPATH\Exceptions\FrameworkException.php on line 39.
 1 SYSTEMPATH\View\View.php(212): CodeIgniter\Exceptions\FrameworkException::forInvalidFile('admin/anime_manage.php')
 2 SYSTEMPATH\Common.php(1173): CodeIgniter\View\View->render('admin/anime_manage', [], true)
 3 APPPATH\Controllers\Admin.php(24): view('admin/anime_manage')
 4 SYSTEMPATH\CodeIgniter.php(933): App\Controllers\Admin->animeManage()
 5 SYSTEMPATH\CodeIgniter.php(507): CodeIgniter\CodeIgniter->runController(Object(App\Controllers\Admin))
 6 SYSTEMPATH\CodeIgniter.php(354): CodeIgniter\CodeIgniter->handleRequest(null, Object(Config\Cache), false)
 7 SYSTEMPATH\Boot.php(334): CodeIgniter\CodeIgniter->run()
 8 SYSTEMPATH\Boot.php(67): CodeIgniter\Boot::runCodeIgniter(Object(CodeIgniter\CodeIgniter))
 9 FCPATH\index.php(59): CodeIgniter\Boot::bootWeb(Object(Config\Paths))
